<?xml version="1.0" encoding="UTF-8"?>
<testsuite xmlns:xsi="http://www.w3.org/2001/XMLSchema-instance" xsi:noNamespaceSchemaLocation="https://maven.apache.org/surefire/maven-surefire-plugin/xsd/surefire-test-report-3.0.xsd" version="3.0" name="com.example.jwtauthenticator.service.CompanyDetailsServiceTest" time="6.926" tests="5" errors="4" skipped="0" failures="0">
  <properties>
[...]
</properties>
  <testcase name="extractCompanyDetailsAsync_nullResponse" classname="com.example.jwtauthenticator.service.CompanyDetailsServiceTest" time="6.298">
    <error message="Unexpected error while processing request: External API returned empty response" type="java.lang.RuntimeException"><![CDATA[java.lang.RuntimeException: Unexpected error while processing request: External API returned empty response
	at com.example.jwtauthenticator.service.CompanyDetailsService.extractCompanyDetailsAsync(CompanyDetailsService.java:95)
	at com.example.jwtauthenticator.service.CompanyDetailsServiceTest.extractCompanyDetailsAsync_nullResponse(CompanyDetailsServiceTest.java:158)
	at java.base/java.lang.reflect.Method.invoke(Method.java:580)
	at java.base/java.util.ArrayList.forEach(ArrayList.java:1596)
	at java.base/java.util.ArrayList.forEach(ArrayList.java:1596)
]]></error>
    <system-out><![CDATA[23:13:10.562 [main] INFO com.example.jwtauthenticator.service.CompanyDetailsService -- Starting asynchronous company details extraction for URL: https://xamplify.com
23:13:10.671 [main] INFO com.example.jwtauthenticator.service.CompanyDetailsService -- Company details extraction completed in 19 ms for URL: https://xamplify.com
23:13:10.672 [main] WARN com.example.jwtauthenticator.service.CompanyDetailsService -- Received null response body from external API for URL: https://xamplify.com
23:13:10.673 [main] ERROR com.example.jwtauthenticator.service.CompanyDetailsService -- Unexpected error occurred while calling external API for URL: https://xamplify.com. Error: External API returned empty response
java.lang.RuntimeException: External API returned empty response
	at com.example.jwtauthenticator.service.CompanyDetailsService.extractCompanyDetailsAsync(CompanyDetailsService.java:74)
	at com.example.jwtauthenticator.service.CompanyDetailsServiceTest.extractCompanyDetailsAsync_nullResponse(CompanyDetailsServiceTest.java:158)
	at java.base/jdk.internal.reflect.DirectMethodHandleAccessor.invoke(DirectMethodHandleAccessor.java:103)
	at java.base/java.lang.reflect.Method.invoke(Method.java:580)
	at org.junit.platform.commons.util.ReflectionUtils.invokeMethod(ReflectionUtils.java:728)
	at org.junit.jupiter.engine.execution.MethodInvocation.proceed(MethodInvocation.java:60)
	at org.junit.jupiter.engine.execution.InvocationInterceptorChain$ValidatingInvocation.proceed(InvocationInterceptorChain.java:131)
	at org.junit.jupiter.engine.extension.TimeoutExtension.intercept(TimeoutExtension.java:156)
	at org.junit.jupiter.engine.extension.TimeoutExtension.interceptTestableMethod(TimeoutExtension.java:147)
	at org.junit.jupiter.engine.extension.TimeoutExtension.interceptTestMethod(TimeoutExtension.java:86)
	at org.junit.jupiter.engine.execution.InterceptingExecutableInvoker$ReflectiveInterceptorCall.lambda$ofVoidMethod$0(InterceptingExecutableInvoker.java:103)
	at org.junit.jupiter.engine.execution.InterceptingExecutableInvoker.lambda$invoke$0(InterceptingExecutableInvoker.java:93)
	at org.junit.jupiter.engine.execution.InvocationInterceptorChain$InterceptedInvocation.proceed(InvocationInterceptorChain.java:106)
	at org.junit.jupiter.engine.execution.InvocationInterceptorChain.proceed(InvocationInterceptorChain.java:64)
	at org.junit.jupiter.engine.execution.InvocationInterceptorChain.chainAndInvoke(InvocationInterceptorChain.java:45)
	at org.junit.jupiter.engine.execution.InvocationInterceptorChain.invoke(InvocationInterceptorChain.java:37)
	at org.junit.jupiter.engine.execution.InterceptingExecutableInvoker.invoke(InterceptingExecutableInvoker.java:92)
	at org.junit.jupiter.engine.execution.InterceptingExecutableInvoker.invoke(InterceptingExecutableInvoker.java:86)
	at org.junit.jupiter.engine.descriptor.TestMethodTestDescriptor.lambda$invokeTestMethod$7(TestMethodTestDescriptor.java:218)
	at org.junit.platform.engine.support.hierarchical.ThrowableCollector.execute(ThrowableCollector.java:73)
	at org.junit.jupiter.engine.descriptor.TestMethodTestDescriptor.invokeTestMethod(TestMethodTestDescriptor.java:214)
	at org.junit.jupiter.engine.descriptor.TestMethodTestDescriptor.execute(TestMethodTestDescriptor.java:139)
	at org.junit.jupiter.engine.descriptor.TestMethodTestDescriptor.execute(TestMethodTestDescriptor.java:69)
	at org.junit.platform.engine.support.hierarchical.NodeTestTask.lambda$executeRecursively$6(NodeTestTask.java:151)
	at org.junit.platform.engine.support.hierarchical.ThrowableCollector.execute(ThrowableCollector.java:73)
	at org.junit.platform.engine.support.hierarchical.NodeTestTask.lambda$executeRecursively$8(NodeTestTask.java:141)
	at org.junit.platform.engine.support.hierarchical.Node.around(Node.java:137)
	at org.junit.platform.engine.support.hierarchical.NodeTestTask.lambda$executeRecursively$9(NodeTestTask.java:139)
	at org.junit.platform.engine.support.hierarchical.ThrowableCollector.execute(ThrowableCollector.java:73)
	at org.junit.platform.engine.support.hierarchical.NodeTestTask.executeRecursively(NodeTestTask.java:138)
	at org.junit.platform.engine.support.hierarchical.NodeTestTask.execute(NodeTestTask.java:95)
	at java.base/java.util.ArrayList.forEach(ArrayList.java:1596)
	at org.junit.platform.engine.support.hierarchical.SameThreadHierarchicalTestExecutorService.invokeAll(SameThreadHierarchicalTestExecutorService.java:41)
	at org.junit.platform.engine.support.hierarchical.NodeTestTask.lambda$executeRecursively$6(NodeTestTask.java:155)
	at org.junit.platform.engine.support.hierarchical.ThrowableCollector.execute(ThrowableCollector.java:73)
	at org.junit.platform.engine.support.hierarchical.NodeTestTask.lambda$executeRecursively$8(NodeTestTask.java:141)
	at org.junit.platform.engine.support.hierarchical.Node.around(Node.java:137)
	at org.junit.platform.engine.support.hierarchical.NodeTestTask.lambda$executeRecursively$9(NodeTestTask.java:139)
	at org.junit.platform.engine.support.hierarchical.ThrowableCollector.execute(ThrowableCollector.java:73)
	at org.junit.platform.engine.support.hierarchical.NodeTestTask.executeRecursively(NodeTestTask.java:138)
	at org.junit.platform.engine.support.hierarchical.NodeTestTask.execute(NodeTestTask.java:95)
	at java.base/java.util.ArrayList.forEach(ArrayList.java:1596)
	at org.junit.platform.engine.support.hierarchical.SameThreadHierarchicalTestExecutorService.invokeAll(SameThreadHierarchicalTestExecutorService.java:41)
	at org.junit.platform.engine.support.hierarchical.NodeTestTask.lambda$executeRecursively$6(NodeTestTask.java:155)
	at org.junit.platform.engine.support.hierarchical.ThrowableCollector.execute(ThrowableCollector.java:73)
	at org.junit.platform.engine.support.hierarchical.NodeTestTask.lambda$executeRecursively$8(NodeTestTask.java:141)
	at org.junit.platform.engine.support.hierarchical.Node.around(Node.java:137)
	at org.junit.platform.engine.support.hierarchical.NodeTestTask.lambda$executeRecursively$9(NodeTestTask.java:139)
	at org.junit.platform.engine.support.hierarchical.ThrowableCollector.execute(ThrowableCollector.java:73)
	at org.junit.platform.engine.support.hierarchical.NodeTestTask.executeRecursively(NodeTestTask.java:138)
	at org.junit.platform.engine.support.hierarchical.NodeTestTask.execute(NodeTestTask.java:95)
	at org.junit.platform.engine.support.hierarchical.SameThreadHierarchicalTestExecutorService.submit(SameThreadHierarchicalTestExecutorService.java:35)
	at org.junit.platform.engine.support.hierarchical.HierarchicalTestExecutor.execute(HierarchicalTestExecutor.java:57)
	at org.junit.platform.engine.support.hierarchical.HierarchicalTestEngine.execute(HierarchicalTestEngine.java:54)
	at org.junit.platform.launcher.core.EngineExecutionOrchestrator.execute(EngineExecutionOrchestrator.java:198)
	at org.junit.platform.launcher.core.EngineExecutionOrchestrator.execute(EngineExecutionOrchestrator.java:169)
	at org.junit.platform.launcher.core.EngineExecutionOrchestrator.execute(EngineExecutionOrchestrator.java:93)
	at org.junit.platform.launcher.core.EngineExecutionOrchestrator.lambda$execute$0(EngineExecutionOrchestrator.java:58)
	at org.junit.platform.launcher.core.EngineExecutionOrchestrator.withInterceptedStreams(EngineExecutionOrchestrator.java:141)
	at org.junit.platform.launcher.core.EngineExecutionOrchestrator.execute(EngineExecutionOrchestrator.java:57)
	at org.junit.platform.launcher.core.DefaultLauncher.execute(DefaultLauncher.java:103)
	at org.junit.platform.launcher.core.DefaultLauncher.execute(DefaultLauncher.java:85)
	at org.junit.platform.launcher.core.DelegatingLauncher.execute(DelegatingLauncher.java:47)
	at org.apache.maven.surefire.junitplatform.LazyLauncher.execute(LazyLauncher.java:56)
	at org.apache.maven.surefire.junitplatform.JUnitPlatformProvider.execute(JUnitPlatformProvider.java:184)
	at org.apache.maven.surefire.junitplatform.JUnitPlatformProvider.invokeAllTests(JUnitPlatformProvider.java:148)
	at org.apache.maven.surefire.junitplatform.JUnitPlatformProvider.invoke(JUnitPlatformProvider.java:122)
	at org.apache.maven.surefire.booter.ForkedBooter.runSuitesInProcess(ForkedBooter.java:385)
	at org.apache.maven.surefire.booter.ForkedBooter.execute(ForkedBooter.java:162)
	at org.apache.maven.surefire.booter.ForkedBooter.run(ForkedBooter.java:507)
	at org.apache.maven.surefire.booter.ForkedBooter.main(ForkedBooter.java:495)
]]></system-out>
    <system-err><![CDATA[WARNING: A Java agent has been loaded dynamically (C:\Users\tyedukondalu\.m2\repository\net\bytebuddy\byte-buddy-agent\1.14.10\byte-buddy-agent-1.14.10.jar)
WARNING: If a serviceability tool is in use, please run with -XX:+EnableDynamicAgentLoading to hide this warning
WARNING: If a serviceability tool is not in use, please run with -Djdk.instrument.traceUsage for more information
WARNING: Dynamic loading of agents will be disallowed by default in a future release
]]></system-err>
  </testcase>
  <testcase name="extractCompanyDetailsAsync_networkError" classname="com.example.jwtauthenticator.service.CompanyDetailsServiceTest" time="0.067">
    <error message="Network error while calling external API: Network timeout" type="java.lang.RuntimeException"><![CDATA[java.lang.RuntimeException: Network error while calling external API: Network timeout
	at com.example.jwtauthenticator.service.CompanyDetailsService.extractCompanyDetailsAsync(CompanyDetailsService.java:90)
	at com.example.jwtauthenticator.service.CompanyDetailsServiceTest.extractCompanyDetailsAsync_networkError(CompanyDetailsServiceTest.java:140)
	at java.base/java.lang.reflect.Method.invoke(Method.java:580)
	at java.base/java.util.ArrayList.forEach(ArrayList.java:1596)
	at java.base/java.util.ArrayList.forEach(ArrayList.java:1596)
]]></error>
    <system-out><![CDATA[23:13:11.080 [main] INFO com.example.jwtauthenticator.service.CompanyDetailsService -- Starting asynchronous company details extraction for URL: https://xamplify.com
23:13:11.083 [main] ERROR com.example.jwtauthenticator.service.CompanyDetailsService -- Network error occurred while calling external API for URL: https://xamplify.com. Error: Network timeout
]]></system-out>
  </testcase>
  <testcase name="extractCompanyDetailsAsync_success" classname="com.example.jwtauthenticator.service.CompanyDetailsServiceTest" time="0.081">
    <system-out><![CDATA[23:13:11.112 [main] INFO com.example.jwtauthenticator.service.CompanyDetailsService -- Starting asynchronous company details extraction for URL: https://xamplify.com
23:13:11.114 [main] INFO com.example.jwtauthenticator.service.CompanyDetailsService -- Company details extraction completed in 1 ms for URL: https://xamplify.com
]]></system-out>
  </testcase>
  <testcase name="extractCompanyDetailsAsync_httpServerError" classname="com.example.jwtauthenticator.service.CompanyDetailsServiceTest" time="0.122">
    <error message="External API server error: 500 INTERNAL_SERVER_ERROR - " type="java.lang.RuntimeException"><![CDATA[java.lang.RuntimeException: External API server error: 500 INTERNAL_SERVER_ERROR - 
	at com.example.jwtauthenticator.service.CompanyDetailsService.extractCompanyDetailsAsync(CompanyDetailsService.java:85)
	at com.example.jwtauthenticator.service.CompanyDetailsServiceTest.extractCompanyDetailsAsync_httpServerError(CompanyDetailsServiceTest.java:124)
	at java.base/java.lang.reflect.Method.invoke(Method.java:580)
	at java.base/java.util.ArrayList.forEach(ArrayList.java:1596)
	at java.base/java.util.ArrayList.forEach(ArrayList.java:1596)
]]></error>
    <system-out><![CDATA[23:13:11.238 [main] INFO com.example.jwtauthenticator.service.CompanyDetailsService -- Starting asynchronous company details extraction for URL: https://xamplify.com
23:13:11.240 [main] ERROR com.example.jwtauthenticator.service.CompanyDetailsService -- Server error occurred while calling external API for URL: https://xamplify.com. Status: 500 INTERNAL_SERVER_ERROR, Response: 
]]></system-out>
  </testcase>
  <testcase name="extractCompanyDetailsAsync_httpClientError" classname="com.example.jwtauthenticator.service.CompanyDetailsServiceTest" time="0.051">
    <error message="External API client error: 400 BAD_REQUEST - " type="java.lang.RuntimeException"><![CDATA[java.lang.RuntimeException: External API client error: 400 BAD_REQUEST - 
	at com.example.jwtauthenticator.service.CompanyDetailsService.extractCompanyDetailsAsync(CompanyDetailsService.java:80)
	at com.example.jwtauthenticator.service.CompanyDetailsServiceTest.extractCompanyDetailsAsync_httpClientError(CompanyDetailsServiceTest.java:108)
	at java.base/java.lang.reflect.Method.invoke(Method.java:580)
	at java.base/java.util.ArrayList.forEach(ArrayList.java:1596)
	at java.base/java.util.ArrayList.forEach(ArrayList.java:1596)
]]></error>
    <system-out><![CDATA[23:13:11.344 [main] INFO com.example.jwtauthenticator.service.CompanyDetailsService -- Starting asynchronous company details extraction for URL: https://xamplify.com
23:13:11.348 [main] ERROR com.example.jwtauthenticator.service.CompanyDetailsService -- Client error occurred while calling external API for URL: https://xamplify.com. Status: 400 BAD_REQUEST, Response: 
]]></system-out>
  </testcase>
</testsuite>