<?xml version="1.0" encoding="UTF-8"?>
<testsuite xmlns:xsi="http://www.w3.org/2001/XMLSchema-instance" xsi:noNamespaceSchemaLocation="https://maven.apache.org/surefire/maven-surefire-plugin/xsd/surefire-test-report-3.0.xsd" version="3.0" name="com.example.jwtauthenticator.controller.AuthControllerIntegrationTest" time="62.935" tests="2" errors="0" skipped="0" failures="0">
  <properties>
[...]
</properties>
  <testcase name="registerUser_success" classname="com.example.jwtauthenticator.controller.AuthControllerIntegrationTest" time="1.607">
    <system-out><![CDATA[Standard Commons Logging discovery in action with spring-jcl: please remove commons-logging.jar from classpath in order to avoid potential conflicts
23:02:28.299 [main] INFO org.springframework.test.context.support.AnnotationConfigContextLoaderUtils -- Could not detect default configuration classes for test class [com.example.jwtauthenticator.controller.AuthControllerIntegrationTest]: AuthControllerIntegrationTest does not declare any static, non-private, non-final, nested classes annotated with @Configuration.
23:02:29.137 [main] INFO org.springframework.boot.test.context.SpringBootTestContextBootstrapper -- Found @SpringBootConfiguration com.example.jwtauthenticator.JwtAuthenticatorApplication for test class com.example.jwtauthenticator.controller.AuthControllerIntegrationTest

  .   ____          _            __ _ _
 /\\ / ___'_ __ _ _(_)_ __  __ _ \ \ \ \
( ( )\___ | '_ | '_| | '_ \/ _` | \ \ \ \
 \\/  ___)| |_)| | | | | || (_| |  ) ) ) )
  '  |____| .__|_| |_|_| |_\__, | / / / /
 =========|_|==============|___/=/_/_/_/
 :: Spring Boot ::                (v3.2.0)

2025-07-10T23:02:31.253+05:30  INFO 15536 --- [           main] c.e.j.c.AuthControllerIntegrationTest    : Starting AuthControllerIntegrationTest using Java 21.0.7 with PID 15536 (started by tyedukondalu in d:\JWT_Authenticator_Project)
2025-07-10T23:02:31.259+05:30  INFO 15536 --- [           main] c.e.j.c.AuthControllerIntegrationTest    : The following 1 profile is active: "test"
2025-07-10T23:02:37.605+05:30  INFO 15536 --- [           main] .s.d.r.c.RepositoryConfigurationDelegate : Bootstrapping Spring Data JPA repositories in DEFAULT mode.
2025-07-10T23:02:38.496+05:30  INFO 15536 --- [           main] .s.d.r.c.RepositoryConfigurationDelegate : Finished Spring Data repository scanning in 862 ms. Found 5 JPA repository interfaces.
2025-07-10T23:02:43.866+05:30  INFO 15536 --- [           main] o.hibernate.jpa.internal.util.LogHelper  : HHH000204: Processing PersistenceUnitInfo [name: default]
2025-07-10T23:02:44.224+05:30  INFO 15536 --- [           main] org.hibernate.Version                    : HHH000412: Hibernate ORM core version 6.3.1.Final
2025-07-10T23:02:44.744+05:30  INFO 15536 --- [           main] o.h.c.internal.RegionFactoryInitiator    : HHH000026: Second-level cache disabled
2025-07-10T23:02:46.453+05:30  INFO 15536 --- [           main] o.s.o.j.p.SpringPersistenceUnitInfo      : No LoadTimeWeaver setup: ignoring JPA class transformer
2025-07-10T23:02:46.563+05:30  INFO 15536 --- [           main] com.zaxxer.hikari.HikariDataSource       : HikariPool-1 - Starting...
2025-07-10T23:02:47.414+05:30  INFO 15536 --- [           main] com.zaxxer.hikari.pool.HikariPool        : HikariPool-1 - Added connection conn0: url=jdbc:h2:mem:testdb user=SA
2025-07-10T23:02:47.421+05:30  INFO 15536 --- [           main] com.zaxxer.hikari.HikariDataSource       : HikariPool-1 - Start completed.
2025-07-10T23:02:47.519+05:30  WARN 15536 --- [           main] org.hibernate.orm.deprecation            : HHH90000025: H2Dialect does not need to be specified explicitly using 'hibernate.dialect' (remove the property setting and it will be selected by default)
2025-07-10T23:02:51.533+05:30  INFO 15536 --- [           main] o.h.e.t.j.p.i.JtaPlatformInitiator       : HHH000489: No JTA platform available (set 'hibernate.transaction.jta.platform' to enable JTA platform integration)
Hibernate: drop table if exists id_sequences cascade 
Hibernate: drop table if exists login_log cascade 
Hibernate: drop table if exists password_reset_codes cascade 
Hibernate: drop table if exists password_reset_tokens cascade 
Hibernate: drop table if exists users cascade 
Hibernate: create table id_sequences (created_at timestamp(6) not null, current_number bigint not null, id bigint generated by default as identity, updated_at timestamp(6) not null, prefix varchar(10) not null unique, primary key (id))
Hibernate: create table login_log (id bigint generated by default as identity, login_time timestamp(6) not null, user_id uuid, login_method varchar(20) not null, login_status varchar(20) not null, username varchar(50) not null, details TEXT, primary key (id))
Hibernate: create table password_reset_codes (used boolean not null, created_at timestamp(6) not null, expires_at timestamp(6) not null, id bigint generated by default as identity, brand_id varchar(255) not null, code varchar(255) not null, email varchar(255) not null, primary key (id))
Hibernate: create table password_reset_tokens (expiry_date timestamp(6), id bigint generated by default as identity, user_id bigint not null unique, token varchar(255), primary key (id))
Hibernate: create table users (email_verified boolean, tfa_enabled boolean, created_at timestamp(6), id bigint generated by default as identity, updated_at timestamp(6), user_id uuid, auth_provider varchar(255) check (auth_provider in ('LOCAL','GOOGLE')), brand_id varchar(255), email varchar(255) unique, first_name varchar(255), last_name varchar(255), location varchar(255), password varchar(255), phone_number varchar(255), profile_picture_url varchar(255), refresh_token varchar(255), role varchar(255) check (role in ('USER','ADMIN')), tfa_secret varchar(255), user_code varchar(255) unique, username varchar(255) unique, verification_token varchar(255), primary key (id))
Hibernate: alter table if exists password_reset_tokens add constraint FKk3ndxg5xp6v7wd4gjyusp15gq foreign key (user_id) references users
2025-07-10T23:02:51.802+05:30  INFO 15536 --- [           main] j.LocalContainerEntityManagerFactoryBean : Initialized JPA EntityManagerFactory for persistence unit 'default'
2025-07-10T23:03:01.841+05:30  INFO 15536 --- [           main] c.e.j.s.GoogleTokenVerificationService   : Google Token Verifier initialized with client ID: 3338156005...
2025-07-10T23:03:04.069+05:30  INFO 15536 --- [           main] o.s.d.j.r.query.QueryEnhancerFactory     : Hibernate is in classpath; If applicable, HQL parser will be used.
2025-07-10T23:03:12.893+05:30  WARN 15536 --- [           main] JpaBaseConfiguration$JpaWebConfiguration : spring.jpa.open-in-view is enabled by default. Therefore, database queries may be performed during view rendering. Explicitly configure spring.jpa.open-in-view to disable this warning
2025-07-10T23:03:18.081+05:30  INFO 15536 --- [           main] o.s.b.a.e.web.EndpointLinksResolver      : Exposing 1 endpoint(s) beneath base path '/actuator'
2025-07-10T23:03:18.479+05:30  INFO 15536 --- [           main] o.s.s.web.DefaultSecurityFilterChain     : Will secure any request with [org.springframework.security.web.session.DisableEncodeUrlFilter@31fe5168, org.springframework.security.web.context.request.async.WebAsyncManagerIntegrationFilter@3f02095, org.springframework.security.web.context.SecurityContextHolderFilter@fd6784a, org.springframework.security.web.header.HeaderWriterFilter@6b861a26, org.springframework.web.filter.CorsFilter@1a6804d1, org.springframework.security.web.authentication.logout.LogoutFilter@291b3e68, com.example.jwtauthenticator.security.JwtRequestFilter@6a2d0a19, org.springframework.security.web.savedrequest.RequestCacheAwareFilter@77f76656, org.springframework.security.web.servletapi.SecurityContextHolderAwareRequestFilter@487e4b06, org.springframework.security.web.authentication.AnonymousAuthenticationFilter@7db99d41, org.springframework.security.web.session.SessionManagementFilter@a0b8f79, org.springframework.security.web.access.ExceptionTranslationFilter@253bf220, org.springframework.security.web.access.intercept.AuthorizationFilter@b0dc426]
2025-07-10T23:03:24.607+05:30  INFO 15536 --- [           main] o.s.b.t.m.w.SpringBootMockServletContext : Initializing Spring TestDispatcherServlet ''
2025-07-10T23:03:24.608+05:30  INFO 15536 --- [           main] o.s.t.web.servlet.TestDispatcherServlet  : Initializing Servlet ''
2025-07-10T23:03:24.614+05:30  INFO 15536 --- [           main] o.s.t.web.servlet.TestDispatcherServlet  : Completed initialization in 5 ms
2025-07-10T23:03:25.421+05:30  INFO 15536 --- [           main] c.e.j.c.AuthControllerIntegrationTest    : Started AuthControllerIntegrationTest in 55.505 seconds (process running for 61.326)

=== ID Generator Example ===
1. Generating IDs with default prefix:
Hibernate: select is1_0.id,is1_0.created_at,is1_0.current_number,is1_0.prefix,is1_0.updated_at from id_sequences is1_0 where is1_0.prefix=? for update
Hibernate: insert into id_sequences (created_at,current_number,prefix,updated_at,id) values (?,?,?,?,default)
2025-07-10T23:03:26.790+05:30  INFO 15536 --- [           main] c.e.j.service.IdGeneratorService         : Generated ID: MRTFY0001 for prefix: MRTFY
Hibernate: update id_sequences set created_at=?,current_number=?,prefix=?,updated_at=? where id=?
Generated: MRTFY0001
Hibernate: select is1_0.id,is1_0.created_at,is1_0.current_number,is1_0.prefix,is1_0.updated_at from id_sequences is1_0 where is1_0.prefix=? for update
2025-07-10T23:03:26.937+05:30  INFO 15536 --- [           main] c.e.j.service.IdGeneratorService         : Generated ID: MRTFY0002 for prefix: MRTFY
Hibernate: update id_sequences set created_at=?,current_number=?,prefix=?,updated_at=? where id=?
Generated: MRTFY0002
Hibernate: select is1_0.id,is1_0.created_at,is1_0.current_number,is1_0.prefix,is1_0.updated_at from id_sequences is1_0 where is1_0.prefix=? for update
2025-07-10T23:03:26.953+05:30  INFO 15536 --- [           main] c.e.j.service.IdGeneratorService         : Generated ID: MRTFY0003 for prefix: MRTFY
Hibernate: update id_sequences set created_at=?,current_number=?,prefix=?,updated_at=? where id=?
Generated: MRTFY0003

2. Generating IDs with custom prefix (MKTY):
Hibernate: select is1_0.id,is1_0.created_at,is1_0.current_number,is1_0.prefix,is1_0.updated_at from id_sequences is1_0 where is1_0.prefix=? for update
Hibernate: insert into id_sequences (created_at,current_number,prefix,updated_at,id) values (?,?,?,?,default)
2025-07-10T23:03:26.968+05:30  INFO 15536 --- [           main] c.e.j.service.IdGeneratorService         : Generated ID: MKTY0001 for prefix: MKTY
Hibernate: update id_sequences set created_at=?,current_number=?,prefix=?,updated_at=? where id=?
Generated: MKTY0001
Hibernate: select is1_0.id,is1_0.created_at,is1_0.current_number,is1_0.prefix,is1_0.updated_at from id_sequences is1_0 where is1_0.prefix=? for update
2025-07-10T23:03:26.987+05:30  INFO 15536 --- [           main] c.e.j.service.IdGeneratorService         : Generated ID: MKTY0002 for prefix: MKTY
Hibernate: update id_sequences set created_at=?,current_number=?,prefix=?,updated_at=? where id=?
Generated: MKTY0002
Hibernate: select is1_0.id,is1_0.created_at,is1_0.current_number,is1_0.prefix,is1_0.updated_at from id_sequences is1_0 where is1_0.prefix=? for update
2025-07-10T23:03:27.001+05:30  INFO 15536 --- [           main] c.e.j.service.IdGeneratorService         : Generated ID: MKTY0003 for prefix: MKTY
Hibernate: update id_sequences set created_at=?,current_number=?,prefix=?,updated_at=? where id=?
Generated: MKTY0003

3. Generating IDs with another prefix (TEST):
Hibernate: select is1_0.id,is1_0.created_at,is1_0.current_number,is1_0.prefix,is1_0.updated_at from id_sequences is1_0 where is1_0.prefix=? for update
Hibernate: insert into id_sequences (created_at,current_number,prefix,updated_at,id) values (?,?,?,?,default)
2025-07-10T23:03:27.020+05:30  INFO 15536 --- [           main] c.e.j.service.IdGeneratorService         : Generated ID: TEST0001 for prefix: TEST
Hibernate: update id_sequences set created_at=?,current_number=?,prefix=?,updated_at=? where id=?
Generated: TEST0001
Hibernate: select is1_0.id,is1_0.created_at,is1_0.current_number,is1_0.prefix,is1_0.updated_at from id_sequences is1_0 where is1_0.prefix=? for update
2025-07-10T23:03:27.035+05:30  INFO 15536 --- [           main] c.e.j.service.IdGeneratorService         : Generated ID: TEST0002 for prefix: TEST
Hibernate: update id_sequences set created_at=?,current_number=?,prefix=?,updated_at=? where id=?
Generated: TEST0002

4. Current numbers for each prefix:
Hibernate: select is1_0.id,is1_0.created_at,is1_0.current_number,is1_0.prefix,is1_0.updated_at from id_sequences is1_0 where is1_0.prefix=?
MRTFY current number: 3
Hibernate: select is1_0.id,is1_0.created_at,is1_0.current_number,is1_0.prefix,is1_0.updated_at from id_sequences is1_0 where is1_0.prefix=?
MKTY current number: 3
Hibernate: select is1_0.id,is1_0.created_at,is1_0.current_number,is1_0.prefix,is1_0.updated_at from id_sequences is1_0 where is1_0.prefix=?
TEST current number: 2

5. Preview next IDs (without generating):
Hibernate: select is1_0.id,is1_0.created_at,is1_0.current_number,is1_0.prefix,is1_0.updated_at from id_sequences is1_0 where is1_0.prefix=?
Next MRTFY ID would be: MRTFY0004
Hibernate: select is1_0.id,is1_0.created_at,is1_0.current_number,is1_0.prefix,is1_0.updated_at from id_sequences is1_0 where is1_0.prefix=?
Next MKTY ID would be: MKTY0004
Hibernate: select is1_0.id,is1_0.created_at,is1_0.current_number,is1_0.prefix,is1_0.updated_at from id_sequences is1_0 where is1_0.prefix=?
Next TEST ID would be: TEST0003
Hibernate: select is1_0.id,is1_0.created_at,is1_0.current_number,is1_0.prefix,is1_0.updated_at from id_sequences is1_0

6. All available prefixes: [MKTY, MRTFY, TEST]

=== ID Generator Example Complete ===

Hibernate: select u1_0.id,u1_0.auth_provider,u1_0.brand_id,u1_0.created_at,u1_0.email,u1_0.email_verified,u1_0.first_name,u1_0.last_name,u1_0.location,u1_0.password,u1_0.phone_number,u1_0.profile_picture_url,u1_0.refresh_token,u1_0.role,u1_0.tfa_enabled,u1_0.tfa_secret,u1_0.updated_at,u1_0.user_code,u1_0.user_id,u1_0.username,u1_0.verification_token from users u1_0
Hibernate: select is1_0.id,is1_0.created_at,is1_0.current_number,is1_0.prefix,is1_0.updated_at from id_sequences is1_0 where is1_0.prefix=? for update
Hibernate: insert into id_sequences (created_at,current_number,prefix,updated_at,id) values (?,?,?,?,default)
2025-07-10T23:03:28.322+05:30  INFO 15536 --- [           main] c.e.j.service.IdGeneratorService         : Generated ID: USER0001 for prefix: USER
Hibernate: update id_sequences set created_at=?,current_number=?,prefix=?,updated_at=? where id=?
Hibernate: select u1_0.id from users u1_0 where u1_0.username=? and u1_0.brand_id=? fetch first ? rows only
Hibernate: select u1_0.id from users u1_0 where u1_0.email=? and u1_0.brand_id=? fetch first ? rows only
Hibernate: insert into users (auth_provider,brand_id,created_at,email,email_verified,first_name,last_name,location,password,phone_number,profile_picture_url,refresh_token,role,tfa_enabled,tfa_secret,updated_at,user_code,user_id,username,verification_token,id) values (?,?,?,?,?,?,?,?,?,?,?,?,?,?,?,?,?,?,?,?,default)
]]></system-out>
    <system-err><![CDATA[WARNING: A Java agent has been loaded dynamically (C:\Users\tyedukondalu\.m2\repository\net\bytebuddy\byte-buddy-agent\1.14.10\byte-buddy-agent-1.14.10.jar)
WARNING: If a serviceability tool is in use, please run with -XX:+EnableDynamicAgentLoading to hide this warning
WARNING: If a serviceability tool is not in use, please run with -Djdk.instrument.traceUsage for more information
WARNING: Dynamic loading of agents will be disallowed by default in a future release
]]></system-err>
  </testcase>
  <testcase name="loginUser_success" classname="com.example.jwtauthenticator.controller.AuthControllerIntegrationTest" time="1.078">
    <system-out><![CDATA[Hibernate: select u1_0.id,u1_0.auth_provider,u1_0.brand_id,u1_0.created_at,u1_0.email,u1_0.email_verified,u1_0.first_name,u1_0.last_name,u1_0.location,u1_0.password,u1_0.phone_number,u1_0.profile_picture_url,u1_0.refresh_token,u1_0.role,u1_0.tfa_enabled,u1_0.tfa_secret,u1_0.updated_at,u1_0.user_code,u1_0.user_id,u1_0.username,u1_0.verification_token from users u1_0
Hibernate: delete from users where id=?
Hibernate: select is1_0.id,is1_0.created_at,is1_0.current_number,is1_0.prefix,is1_0.updated_at from id_sequences is1_0 where is1_0.prefix=? for update
2025-07-10T23:03:29.279+05:30  INFO 15536 --- [           main] c.e.j.service.IdGeneratorService         : Generated ID: USER0002 for prefix: USER
Hibernate: update id_sequences set created_at=?,current_number=?,prefix=?,updated_at=? where id=?
Hibernate: select u1_0.id from users u1_0 where u1_0.username=? and u1_0.brand_id=? fetch first ? rows only
Hibernate: select u1_0.id from users u1_0 where u1_0.email=? and u1_0.brand_id=? fetch first ? rows only
Hibernate: insert into users (auth_provider,brand_id,created_at,email,email_verified,first_name,last_name,location,password,phone_number,profile_picture_url,refresh_token,role,tfa_enabled,tfa_secret,updated_at,user_code,user_id,username,verification_token,id) values (?,?,?,?,?,?,?,?,?,?,?,?,?,?,?,?,?,?,?,?,default)
Hibernate: select u1_0.id,u1_0.auth_provider,u1_0.brand_id,u1_0.created_at,u1_0.email,u1_0.email_verified,u1_0.first_name,u1_0.last_name,u1_0.location,u1_0.password,u1_0.phone_number,u1_0.profile_picture_url,u1_0.refresh_token,u1_0.role,u1_0.tfa_enabled,u1_0.tfa_secret,u1_0.updated_at,u1_0.user_code,u1_0.user_id,u1_0.username,u1_0.verification_token from users u1_0 where u1_0.username=? and u1_0.brand_id=?
Hibernate: select u1_0.id,u1_0.auth_provider,u1_0.brand_id,u1_0.created_at,u1_0.email,u1_0.email_verified,u1_0.first_name,u1_0.last_name,u1_0.location,u1_0.password,u1_0.phone_number,u1_0.profile_picture_url,u1_0.refresh_token,u1_0.role,u1_0.tfa_enabled,u1_0.tfa_secret,u1_0.updated_at,u1_0.user_code,u1_0.user_id,u1_0.username,u1_0.verification_token from users u1_0 where u1_0.id=?
Hibernate: update users set auth_provider=?,brand_id=?,email=?,email_verified=?,first_name=?,last_name=?,location=?,password=?,phone_number=?,profile_picture_url=?,refresh_token=?,role=?,tfa_enabled=?,tfa_secret=?,updated_at=?,user_code=?,user_id=?,username=?,verification_token=? where id=?
AUDIT | 2025-07-10T23:03:29.662778600 | User: testuser | Event: LOGIN_ATTEMPT | Details: User attempted to log in
Hibernate: select u1_0.id,u1_0.auth_provider,u1_0.brand_id,u1_0.created_at,u1_0.email,u1_0.email_verified,u1_0.first_name,u1_0.last_name,u1_0.location,u1_0.password,u1_0.phone_number,u1_0.profile_picture_url,u1_0.refresh_token,u1_0.role,u1_0.tfa_enabled,u1_0.tfa_secret,u1_0.updated_at,u1_0.user_code,u1_0.user_id,u1_0.username,u1_0.verification_token from users u1_0 where u1_0.username=? and u1_0.brand_id=?
Hibernate: select u1_0.id,u1_0.auth_provider,u1_0.brand_id,u1_0.created_at,u1_0.email,u1_0.email_verified,u1_0.first_name,u1_0.last_name,u1_0.location,u1_0.password,u1_0.phone_number,u1_0.profile_picture_url,u1_0.refresh_token,u1_0.role,u1_0.tfa_enabled,u1_0.tfa_secret,u1_0.updated_at,u1_0.user_code,u1_0.user_id,u1_0.username,u1_0.verification_token from users u1_0 where u1_0.username=? and u1_0.brand_id=?
Hibernate: select u1_0.id,u1_0.auth_provider,u1_0.brand_id,u1_0.created_at,u1_0.email,u1_0.email_verified,u1_0.first_name,u1_0.last_name,u1_0.location,u1_0.password,u1_0.phone_number,u1_0.profile_picture_url,u1_0.refresh_token,u1_0.role,u1_0.tfa_enabled,u1_0.tfa_secret,u1_0.updated_at,u1_0.user_code,u1_0.user_id,u1_0.username,u1_0.verification_token from users u1_0 where u1_0.username=? and u1_0.brand_id=?
Hibernate: update users set auth_provider=?,brand_id=?,email=?,email_verified=?,first_name=?,last_name=?,location=?,password=?,phone_number=?,profile_picture_url=?,refresh_token=?,role=?,tfa_enabled=?,tfa_secret=?,updated_at=?,user_code=?,user_id=?,username=?,verification_token=? where id=?
Hibernate: insert into login_log (details,login_method,login_status,login_time,user_id,username,id) values (?,?,?,?,?,?,default)
LOGIN_LOG: testuser - PASSWORD - SUCCESS
AUDIT | 2025-07-10T23:03:30.215690 | User: testuser | Event: LOGIN_SUCCESS | Details: User successfully logged in
]]></system-out>
  </testcase>
</testsuite>